\BOOKMARK [1][-]{section*.1}{Tiivistelm\344 }{}% 1
\BOOKMARK [1][-]{section*.2}{Tiivistelm\344 \(englanniksi\)}{}% 2
\BOOKMARK [1][-]{section*.3}{Tiivistelm\344 \(ruotsiksi\)}{}% 3
\BOOKMARK [1][-]{section*.4}{Esipuhe}{}% 4
\BOOKMARK [1][-]{section*.5}{Sis\344llysluettelo}{}% 5
\BOOKMARK [1][-]{section*.7}{Symbolit ja lyhenteet}{}% 6
\BOOKMARK [1][-]{section.1}{Johdanto}{}% 7
\BOOKMARK [1][-]{section.2}{Kaivosteollisuuden erityispiirteet}{}% 8
\BOOKMARK [2][-]{subsection.2.1}{Kaivostyypit}{section.2}% 9
\BOOKMARK [2][-]{subsection.2.2}{Ymp\344rist\366olosuhteet}{section.2}% 10
\BOOKMARK [2][-]{subsection.2.3}{S\344hk\366njakelu}{section.2}% 11
\BOOKMARK [2][-]{subsection.2.4}{Kaivosteollisuuden standardit}{section.2}% 12
\BOOKMARK [2][-]{subsection.2.5}{Koneiston sijoittelu}{section.2}% 13
\BOOKMARK [1][-]{section.3}{Taajuusmuuttajien k\344ytt\366kohteet kaivoksissa}{}% 14
\BOOKMARK [2][-]{subsection.3.1}{Taajuusmuuttajatyypit}{section.3}% 15
\BOOKMARK [2][-]{subsection.3.2}{Sovellukset ja toiminnallisuus}{section.3}% 16
\BOOKMARK [3][-]{subsubsection.3.2.1}{Kaivinkoneet}{subsection.3.2}% 17
\BOOKMARK [3][-]{subsubsection.3.2.2}{Liukuhihnat}{subsection.3.2}% 18
\BOOKMARK [3][-]{subsubsection.3.2.3}{Hissit}{subsection.3.2}% 19
\BOOKMARK [3][-]{subsubsection.3.2.4}{Tuulettimet ja ilmanvaihto}{subsection.3.2}% 20
\BOOKMARK [3][-]{subsubsection.3.2.5}{Pumput}{subsection.3.2}% 21
\BOOKMARK [1][-]{section.4}{Kaivosymp\344rist\366n vaatimukset taajuusmuuttajalle}{}% 22
\BOOKMARK [2][-]{subsection.4.1}{Kotelointi}{section.4}% 23
\BOOKMARK [2][-]{subsection.4.2}{J\344\344hdytys ja l\344mm\366nsieto}{section.4}% 24
\BOOKMARK [2][-]{subsection.4.3}{Turvallisuus}{section.4}% 25
\BOOKMARK [2][-]{subsection.4.4}{Et\344valvonta ja -ohjaus}{section.4}% 26
\BOOKMARK [2][-]{subsection.4.5}{K\344ytt\366ik\344 ja -luotettavuus}{section.4}% 27
\BOOKMARK [2][-]{subsection.4.6}{Standardit}{section.4}% 28
\BOOKMARK [1][-]{section.5}{Yhteenveto}{}% 29
\BOOKMARK [1][-]{section*.11}{Viitteet}{}% 30
\BOOKMARK [1][-]{appendix.A}{Liite 1}{}% 31
